2020-12-21 18:50:52.7379||ERROR|SDB.Repository.Login.LoginRepository|Connection request timed out Oracle.ManagedDataAccess.Client.OracleException (0x80004005): Connection request timed out
   at OracleInternal.ConnectionPool.PoolManager`3.Get(ConnectionString csWithDiffOrNewPwd, Boolean bGetForApp, OracleConnection connRefForCriteria, String affinityInstanceName, Boolean bForceMatch)
   at OracleInternal.ConnectionPool.OraclePoolManager.Get(ConnectionString csWithNewPassword, Boolean bGetForApp, OracleConnection connRefForCriteria, String affinityInstanceName, Boolean bForceMatch)
   at OracleInternal.ConnectionPool.OracleConnectionDispenser`3.Get(ConnectionString cs, PM conPM, ConnectionString pmCS, SecureString securedPassword, SecureString securedProxyPassword, OracleConnection connRefForCriteria)
   at Oracle.ManagedDataAccess.Client.OracleConnection.Open()
   at System.Data.Common.DbConnection.OpenAsync(CancellationToken cancellationToken)
--- End of stack trace from previous location where exception was thrown ---
   at Dapper.SqlMapper.QueryAsync[T](IDbConnection cnn, Type effectiveType, CommandDefinition command) in C:\projects\dapper\Dapper\SqlMapper.Async.cs:line 419
   at SDB.Repository.Login.LoginRepository.GetLoginDetails(login logins) in E:\Projects\SDB\State Dashboard\SDB.Repository\Login\LoginRepository.cs:line 36|url: https://dashboard.csmpl.com/|action: Login
2020-12-21 18:50:52.7420||ERROR|SDB.Repository.SendMessage.MessageRepository|One or more errors occurred. (Connection request timed out) Oracle.ManagedDataAccess.Client.OracleException (0x80004005): Connection request timed out
   at SDB.Repository.Login.LoginRepository.GetLoginDetails(login logins) in E:\Projects\SDB\State Dashboard\SDB.Repository\Login\LoginRepository.cs:line 42|url: https://dashboard.csmpl.com/|action: Login
2020-12-21 18:52:37.7884||DEBUG|SDB.Web.Program|init main function |url: |action: 
2020-12-21 18:53:15.5953||ERROR|SDB.Repository.Login.LoginRepository|Connection request timed out Oracle.ManagedDataAccess.Client.OracleException (0x80004005): Connection request timed out
   at OracleInternal.ConnectionPool.PoolManager`3.Get(ConnectionString csWithDiffOrNewPwd, Boolean bGetForApp, OracleConnection connRefForCriteria, String affinityInstanceName, Boolean bForceMatch)
   at OracleInternal.ConnectionPool.OraclePoolManager.Get(ConnectionString csWithNewPassword, Boolean bGetForApp, OracleConnection connRefForCriteria, String affinityInstanceName, Boolean bForceMatch)
   at OracleInternal.ConnectionPool.OracleConnectionDispenser`3.Get(ConnectionString cs, PM conPM, ConnectionString pmCS, SecureString securedPassword, SecureString securedProxyPassword, OracleConnection connRefForCriteria)
   at Oracle.ManagedDataAccess.Client.OracleConnection.Open()
   at System.Data.Common.DbConnection.OpenAsync(CancellationToken cancellationToken)
--- End of stack trace from previous location where exception was thrown ---
   at Dapper.SqlMapper.QueryAsync[T](IDbConnection cnn, Type effectiveType, CommandDefinition command) in C:\projects\dapper\Dapper\SqlMapper.Async.cs:line 419
   at SDB.Repository.Login.LoginRepository.GetLoginDetails(login logins) in E:\Projects\SDB\State Dashboard\SDB.Repository\Login\LoginRepository.cs:line 36|url: https://dashboard.csmpl.com/|action: Login
2020-12-21 18:53:15.6081||ERROR|SDB.Repository.SendMessage.MessageRepository|One or more errors occurred. (Connection request timed out) Oracle.ManagedDataAccess.Client.OracleException (0x80004005): Connection request timed out
   at SDB.Repository.Login.LoginRepository.GetLoginDetails(login logins) in E:\Projects\SDB\State Dashboard\SDB.Repository\Login\LoginRepository.cs:line 42|url: https://dashboard.csmpl.com/|action: Login
2020-12-21 18:58:47.3361||INFO|SDB.Web.Program|Shutting down application... |url: |action: 
2020-12-21 18:59:25.9691||DEBUG|SDB.Web.Program|init main function |url: |action: 
2020-12-21 18:59:38.4620||INFO|SDB.Web.Program|Shutting down application... |url: |action: 
2020-12-21 18:59:46.8982||DEBUG|SDB.Web.Program|init main function |url: |action: 
2020-12-21 19:00:05.9919||ERROR|SDB.Repository.Login.LoginRepository|Connection request timed out Oracle.ManagedDataAccess.Client.OracleException (0x80004005): Connection request timed out
   at OracleInternal.ConnectionPool.PoolManager`3.Get(ConnectionString csWithDiffOrNewPwd, Boolean bGetForApp, OracleConnection connRefForCriteria, String affinityInstanceName, Boolean bForceMatch)
   at OracleInternal.ConnectionPool.OraclePoolManager.Get(ConnectionString csWithNewPassword, Boolean bGetForApp, OracleConnection connRefForCriteria, String affinityInstanceName, Boolean bForceMatch)
   at OracleInternal.ConnectionPool.OracleConnectionDispenser`3.Get(ConnectionString cs, PM conPM, ConnectionString pmCS, SecureString securedPassword, SecureString securedProxyPassword, OracleConnection connRefForCriteria)
   at Oracle.ManagedDataAccess.Client.OracleConnection.Open()
   at System.Data.Common.DbConnection.OpenAsync(CancellationToken cancellationToken)
--- End of stack trace from previous location where exception was thrown ---
   at Dapper.SqlMapper.QueryAsync[T](IDbConnection cnn, Type effectiveType, CommandDefinition command) in C:\projects\dapper\Dapper\SqlMapper.Async.cs:line 419
   at SDB.Repository.Login.LoginRepository.GetLoginDetails(login logins) in E:\Projects\SDB\State Dashboard\SDB.Repository\Login\LoginRepository.cs:line 36|url: https://dashboard.csmpl.com/|action: Login
2020-12-21 19:00:06.0050||ERROR|SDB.Repository.SendMessage.MessageRepository|One or more errors occurred. (Connection request timed out) Oracle.ManagedDataAccess.Client.OracleException (0x80004005): Connection request timed out
   at SDB.Repository.Login.LoginRepository.GetLoginDetails(login logins) in E:\Projects\SDB\State Dashboard\SDB.Repository\Login\LoginRepository.cs:line 42|url: https://dashboard.csmpl.com/|action: Login
2020-12-21 19:00:22.4786||ERROR|SDB.Repository.Login.LoginRepository|ORA-12154: TNS:could not resolve the connect identifier specified Oracle.ManagedDataAccess.Client.OracleException (0x80004005): ORA-12154: TNS:could not resolve the connect identifier specified ---> OracleInternal.Network.NetworkException (0x00002F7A): ORA-12154: TNS:could not resolve the connect identifier specified
   at OracleInternal.Network.AddressResolution..ctor(String TNSAlias, SqlNetOraConfig SNOConfig, Hashtable ObTnsHT, String instanceName, ConnectionOption CO)
   at OracleInternal.Network.OracleCommunication.Resolve(String tnsAlias, ConnectionOption& CO)
   at OracleInternal.ConnectionPool.PoolManager`3.ResolveTnsAlias(ConnectionString cs, Object OC)
   at OracleInternal.ServiceObjects.OracleConnectionImpl.Connect(ConnectionString cs, Boolean bOpenEndUserSession, OracleConnection connRefForCriteria, String instanceName)
   at OracleInternal.ConnectionPool.PoolManager`3.Get(ConnectionString csWithDiffOrNewPwd, Boolean bGetForApp, OracleConnection connRefForCriteria, String affinityInstanceName, Boolean bForceMatch)
   at OracleInternal.ConnectionPool.OraclePoolManager.Get(ConnectionString csWithNewPassword, Boolean bGetForApp, OracleConnection connRefForCriteria, String affinityInstanceName, Boolean bForceMatch)
   at OracleInternal.ConnectionPool.OracleConnectionDispenser`3.Get(ConnectionString cs, PM conPM, ConnectionString pmCS, SecureString securedPassword, SecureString securedProxyPassword, OracleConnection connRefForCriteria)
   at Oracle.ManagedDataAccess.Client.OracleConnection.Open()
   at System.Data.Common.DbConnection.OpenAsync(CancellationToken cancellationToken)
--- End of stack trace from previous location where exception was thrown ---
   at Dapper.SqlMapper.QueryAsync[T](IDbConnection cnn, Type effectiveType, CommandDefinition command) in C:\projects\dapper\Dapper\SqlMapper.Async.cs:line 419
   at SDB.Repository.Login.LoginRepository.GetLoginDetails(login logins) in E:\Projects\SDB\State Dashboard\SDB.Repository\Login\LoginRepository.cs:line 36|url: https://dashboard.csmpl.com/|action: Login
2020-12-21 19:00:22.4822||ERROR|SDB.Repository.SendMessage.MessageRepository|One or more errors occurred. (ORA-12154: TNS:could not resolve the connect identifier specified) Oracle.ManagedDataAccess.Client.OracleException (0x80004005): ORA-12154: TNS:could not resolve the connect identifier specified ---> OracleInternal.Network.NetworkException (0x00002F7A): ORA-12154: TNS:could not resolve the connect identifier specified
   at OracleInternal.Network.AddressResolution..ctor(String TNSAlias, SqlNetOraConfig SNOConfig, Hashtable ObTnsHT, String instanceName, ConnectionOption CO)
   at OracleInternal.Network.OracleCommunication.Resolve(String tnsAlias, ConnectionOption& CO)
   at OracleInternal.ConnectionPool.PoolManager`3.ResolveTnsAlias(ConnectionString cs, Object OC)
   at OracleInternal.ServiceObjects.OracleConnectionImpl.Connect(ConnectionString cs, Boolean bOpenEndUserSession, OracleConnection connRefForCriteria, String instanceName)
   at SDB.Repository.Login.LoginRepository.GetLoginDetails(login logins) in E:\Projects\SDB\State Dashboard\SDB.Repository\Login\LoginRepository.cs:line 42|url: https://dashboard.csmpl.com/|action: Login
2020-12-21 19:00:39.1226||INFO|SDB.Web.Program|Shutting down application... |url: |action: 
2020-12-21 19:35:06.8726||DEBUG|SDB.Web.Program|init main function |url: |action: 
2020-12-21 19:35:22.7720||ERROR|SDB.Repository.Login.LoginRepository|ORA-12154: TNS:could not resolve the connect identifier specified Oracle.ManagedDataAccess.Client.OracleException (0x80004005): ORA-12154: TNS:could not resolve the connect identifier specified ---> OracleInternal.Network.NetworkException (0x00002F7A): ORA-12154: TNS:could not resolve the connect identifier specified
   at OracleInternal.Network.AddressResolution..ctor(String TNSAlias, SqlNetOraConfig SNOConfig, Hashtable ObTnsHT, String instanceName, ConnectionOption CO)
   at OracleInternal.Network.OracleCommunication.Resolve(String tnsAlias, ConnectionOption& CO)
   at OracleInternal.ConnectionPool.PoolManager`3.ResolveTnsAlias(ConnectionString cs, Object OC)
   at OracleInternal.ServiceObjects.OracleConnectionImpl.Connect(ConnectionString cs, Boolean bOpenEndUserSession, OracleConnection connRefForCriteria, String instanceName)
   at OracleInternal.ConnectionPool.PoolManager`3.Get(ConnectionString csWithDiffOrNewPwd, Boolean bGetForApp, OracleConnection connRefForCriteria, String affinityInstanceName, Boolean bForceMatch)
   at OracleInternal.ConnectionPool.OraclePoolManager.Get(ConnectionString csWithNewPassword, Boolean bGetForApp, OracleConnection connRefForCriteria, String affinityInstanceName, Boolean bForceMatch)
   at OracleInternal.ConnectionPool.OracleConnectionDispenser`3.Get(ConnectionString cs, PM conPM, ConnectionString pmCS, SecureString securedPassword, SecureString securedProxyPassword, OracleConnection connRefForCriteria)
   at Oracle.ManagedDataAccess.Client.OracleConnection.Open()
   at System.Data.Common.DbConnection.OpenAsync(CancellationToken cancellationToken)
--- End of stack trace from previous location where exception was thrown ---
   at Dapper.SqlMapper.QueryAsync[T](IDbConnection cnn, Type effectiveType, CommandDefinition command) in C:\projects\dapper\Dapper\SqlMapper.Async.cs:line 419
   at SDB.Repository.Login.LoginRepository.GetLoginDetails(login logins) in E:\Projects\SDB\State Dashboard\SDB.Repository\Login\LoginRepository.cs:line 36|url: https://dashboard.csmpl.com/|action: Login
2020-12-21 19:35:22.7856||ERROR|SDB.Repository.SendMessage.MessageRepository|One or more errors occurred. (ORA-12154: TNS:could not resolve the connect identifier specified) Oracle.ManagedDataAccess.Client.OracleException (0x80004005): ORA-12154: TNS:could not resolve the connect identifier specified ---> OracleInternal.Network.NetworkException (0x00002F7A): ORA-12154: TNS:could not resolve the connect identifier specified
   at OracleInternal.Network.AddressResolution..ctor(String TNSAlias, SqlNetOraConfig SNOConfig, Hashtable ObTnsHT, String instanceName, ConnectionOption CO)
   at OracleInternal.Network.OracleCommunication.Resolve(String tnsAlias, ConnectionOption& CO)
   at OracleInternal.ConnectionPool.PoolManager`3.ResolveTnsAlias(ConnectionString cs, Object OC)
   at OracleInternal.ServiceObjects.OracleConnectionImpl.Connect(ConnectionString cs, Boolean bOpenEndUserSession, OracleConnection connRefForCriteria, String instanceName)
   at SDB.Repository.Login.LoginRepository.GetLoginDetails(login logins) in E:\Projects\SDB\State Dashboard\SDB.Repository\Login\LoginRepository.cs:line 42|url: https://dashboard.csmpl.com/|action: Login
2020-12-21 19:37:18.6709||INFO|SDB.Web.Program|Shutting down application... |url: |action: 
2020-12-21 19:37:22.1945||DEBUG|SDB.Web.Program|init main function |url: |action: 
